<?xml version="1.0" encoding="UTF-8"?>
<testsuite name="com.conygre.training.tradesimulator.TradeSimulatorApplicationTests" tests="1" skipped="0" failures="0" errors="0" timestamp="2020-09-15T02:42:52" hostname="Bjorns-MacBook-Pro-3.local" time="0.415">
  <properties/>
  <testcase name="contextLoads()" classname="com.conygre.training.tradesimulator.TradeSimulatorApplicationTests" time="0.415"/>
  <system-out><![CDATA[10:42:50.164 [Test worker] DEBUG org.springframework.test.context.BootstrapUtils - Instantiating CacheAwareContextLoaderDelegate from class [org.springframework.test.context.cache.DefaultCacheAwareContextLoaderDelegate]
10:42:50.174 [Test worker] DEBUG org.springframework.test.context.BootstrapUtils - Instantiating BootstrapContext using constructor [public org.springframework.test.context.support.DefaultBootstrapContext(java.lang.Class,org.springframework.test.context.CacheAwareContextLoaderDelegate)]
10:42:50.199 [Test worker] DEBUG org.springframework.test.context.BootstrapUtils - Instantiating TestContextBootstrapper for test class [com.conygre.training.tradesimulator.TradeSimulatorApplicationTests] from class [org.springframework.boot.test.context.SpringBootTestContextBootstrapper]
10:42:50.210 [Test worker] INFO org.springframework.boot.test.context.SpringBootTestContextBootstrapper - Neither @ContextConfiguration nor @ContextHierarchy found for test class [com.conygre.training.tradesimulator.TradeSimulatorApplicationTests], using SpringBootContextLoader
10:42:50.213 [Test worker] DEBUG org.springframework.test.context.support.AbstractContextLoader - Did not detect default resource location for test class [com.conygre.training.tradesimulator.TradeSimulatorApplicationTests]: class path resource [com/conygre/training/tradesimulator/TradeSimulatorApplicationTests-context.xml] does not exist
10:42:50.214 [Test worker] DEBUG org.springframework.test.context.support.AbstractContextLoader - Did not detect default resource location for test class [com.conygre.training.tradesimulator.TradeSimulatorApplicationTests]: class path resource [com/conygre/training/tradesimulator/TradeSimulatorApplicationTestsContext.groovy] does not exist
10:42:50.214 [Test worker] INFO org.springframework.test.context.support.AbstractContextLoader - Could not detect default resource locations for test class [com.conygre.training.tradesimulator.TradeSimulatorApplicationTests]: no resource found for suffixes {-context.xml, Context.groovy}.
10:42:50.215 [Test worker] INFO org.springframework.test.context.support.AnnotationConfigContextLoaderUtils - Could not detect default configuration classes for test class [com.conygre.training.tradesimulator.TradeSimulatorApplicationTests]: TradeSimulatorApplicationTests does not declare any static, non-private, non-final, nested classes annotated with @Configuration.
10:42:50.244 [Test worker] DEBUG org.springframework.test.context.support.ActiveProfilesUtils - Could not find an 'annotation declaring class' for annotation type [org.springframework.test.context.ActiveProfiles] and class [com.conygre.training.tradesimulator.TradeSimulatorApplicationTests]
10:42:50.289 [Test worker] DEBUG org.springframework.context.annotation.ClassPathScanningCandidateComponentProvider - Identified candidate component class: file [/Users/bjornjee/Desktop/Git projects/citi-hackathon/a-coders-trade-simulator/build/classes/java/main/com/conygre/training/tradesimulator/TradeSimulatorApplication.class]
10:42:50.290 [Test worker] INFO org.springframework.boot.test.context.SpringBootTestContextBootstrapper - Found @SpringBootConfiguration com.conygre.training.tradesimulator.TradeSimulatorApplication for test class com.conygre.training.tradesimulator.TradeSimulatorApplicationTests
10:42:50.376 [Test worker] DEBUG org.springframework.boot.test.context.SpringBootTestContextBootstrapper - @TestExecutionListeners is not present for class [com.conygre.training.tradesimulator.TradeSimulatorApplicationTests]: using defaults.
10:42:50.376 [Test worker] INFO org.springframework.boot.test.context.SpringBootTestContextBootstrapper - Loaded default TestExecutionListener class names from location [META-INF/spring.factories]: [org.springframework.boot.test.autoconfigure.restdocs.RestDocsTestExecutionListener, org.springframework.boot.test.autoconfigure.web.client.MockRestServiceServerResetTestExecutionListener, org.springframework.boot.test.autoconfigure.web.servlet.MockMvcPrintOnlyOnFailureTestExecutionListener, org.springframework.boot.test.autoconfigure.web.servlet.WebDriverTestExecutionListener, org.springframework.boot.test.autoconfigure.webservices.client.MockWebServiceServerTestExecutionListener, org.springframework.boot.test.mock.mockito.MockitoTestExecutionListener, org.springframework.boot.test.mock.mockito.ResetMocksTestExecutionListener, org.springframework.test.context.web.ServletTestExecutionListener, org.springframework.test.context.support.DirtiesContextBeforeModesTestExecutionListener, org.springframework.test.context.support.DependencyInjectionTestExecutionListener, org.springframework.test.context.support.DirtiesContextTestExecutionListener, org.springframework.test.context.transaction.TransactionalTestExecutionListener, org.springframework.test.context.jdbc.SqlScriptsTestExecutionListener, org.springframework.test.context.event.EventPublishingTestExecutionListener]
10:42:50.388 [Test worker] INFO org.springframework.boot.test.context.SpringBootTestContextBootstrapper - Using TestExecutionListeners: [org.springframework.test.context.web.ServletTestExecutionListener@180bc102, org.springframework.test.context.support.DirtiesContextBeforeModesTestExecutionListener@428982c9, org.springframework.boot.test.mock.mockito.MockitoTestExecutionListener@3f8563dc, org.springframework.boot.test.autoconfigure.SpringBootDependencyInjectionTestExecutionListener@5287d8ab, org.springframework.test.context.support.DirtiesContextTestExecutionListener@14c20028, org.springframework.test.context.transaction.TransactionalTestExecutionListener@1ad357b3, org.springframework.test.context.jdbc.SqlScriptsTestExecutionListener@edc5cb6, org.springframework.test.context.event.EventPublishingTestExecutionListener@62f29f46, org.springframework.boot.test.autoconfigure.restdocs.RestDocsTestExecutionListener@66351070, org.springframework.boot.test.autoconfigure.web.client.MockRestServiceServerResetTestExecutionListener@665bbdca, org.springframework.boot.test.autoconfigure.web.servlet.MockMvcPrintOnlyOnFailureTestExecutionListener@a8e645b, org.springframework.boot.test.autoconfigure.web.servlet.WebDriverTestExecutionListener@7c70d2e3, org.springframework.boot.test.autoconfigure.webservices.client.MockWebServiceServerTestExecutionListener@3208fb8d, org.springframework.boot.test.mock.mockito.ResetMocksTestExecutionListener@906b5eb]
10:42:50.393 [Test worker] DEBUG org.springframework.test.context.support.AbstractDirtiesContextTestExecutionListener - Before test class: context [DefaultTestContext@439d3118 testClass = TradeSimulatorApplicationTests, testInstance = [null], testMethod = [null], testException = [null], mergedContextConfiguration = [WebMergedContextConfiguration@115ff44 testClass = TradeSimulatorApplicationTests, locations = '{}', classes = '{class com.conygre.training.tradesimulator.TradeSimulatorApplication}', contextInitializerClasses = '[]', activeProfiles = '{}', propertySourceLocations = '{}', propertySourceProperties = '{org.springframework.boot.test.context.SpringBootTestContextBootstrapper=true}', contextCustomizers = set[org.springframework.boot.test.autoconfigure.properties.PropertyMappingContextCustomizer@0, org.springframework.boot.test.autoconfigure.web.servlet.WebDriverContextCustomizerFactory$Customizer@6de1d301, org.springframework.boot.test.context.filter.ExcludeFilterContextCustomizer@5f3c56fc, org.springframework.boot.test.json.DuplicateJsonObjectContextCustomizerFactory$DuplicateJsonObjectContextCustomizer@3f2fc3f8, org.springframework.boot.test.mock.mockito.MockitoContextCustomizer@0, org.springframework.boot.test.web.client.TestRestTemplateContextCustomizer@7d96d4, org.springframework.boot.test.context.SpringBootTestArgs@1], resourceBasePath = 'src/main/webapp', contextLoader = 'org.springframework.boot.test.context.SpringBootContextLoader', parent = [null]], attributes = map['org.springframework.test.context.web.ServletTestExecutionListener.activateListener' -> true]], class annotated with @DirtiesContext [false] with mode [null].
10:42:50.416 [Test worker] DEBUG org.springframework.test.context.support.TestPropertySourceUtils - Adding inlined properties to environment: {spring.jmx.enabled=false, org.springframework.boot.test.context.SpringBootTestContextBootstrapper=true}

  .   ____          _            __ _ _
 /\\ / ___'_ __ _ _(_)_ __  __ _ \ \ \ \
( ( )\___ | '_ | '_| | '_ \/ _` | \ \ \ \
 \\/  ___)| |_)| | | | | || (_| |  ) ) ) )
  '  |____| .__|_| |_|_| |_\__, | / / / /
 =========|_|==============|___/=/_/_/_/
 :: Spring Boot ::        (v2.3.3.RELEASE)

2020-09-15 10:42:50.641  INFO 71218 --- [    Test worker] c.c.t.t.TradeSimulatorApplicationTests   : Starting TradeSimulatorApplicationTests on Bjorns-MacBook-Pro-3.local with PID 71218 (started by bjornjee in /Users/bjornjee/Desktop/Git projects/citi-hackathon/a-coders-trade-simulator)
2020-09-15 10:42:50.642  INFO 71218 --- [    Test worker] c.c.t.t.TradeSimulatorApplicationTests   : No active profile set, falling back to default profiles: default
2020-09-15 10:42:52.407  INFO 71218 --- [    Test worker] c.c.t.t.TradeSimulatorApplicationTests   : Started TradeSimulatorApplicationTests in 1.983 seconds (JVM running for 2.888)
]]></system-out>
  <system-err><![CDATA[]]></system-err>
</testsuite>
